2025-08-01 09:54:10 WARN  [HikariPool-1 housekeeper] com.zaxxer.hikari.pool.HikariPool - HikariPool-1 - Thread starvation or clock leap detected (housekeeper delta=16m23s480ms).
2025-08-01 10:05:30 WARN  [HikariPool-1 housekeeper] com.zaxxer.hikari.pool.HikariPool - HikariPool-1 - Thread starvation or clock leap detected (housekeeper delta=8m49s455ms).
2025-08-01 10:33:57 DEBUG [main] com.zaxxer.hikari.HikariConfig - Driver class org.postgresql.Driver found in Thread context class loader TomcatEmbeddedWebappClassLoader
  context: ROOT
  delegate: true
----------> Parent Classloader:
jdk.internal.loader.ClassLoaders$AppClassLoader@2c854dc5

2025-08-01 10:33:57 DEBUG [main] com.zaxxer.hikari.HikariConfig - HikariPool-1 - configuration:
2025-08-01 10:33:57 DEBUG [main] com.zaxxer.hikari.HikariConfig - allowPoolSuspension.............false
2025-08-01 10:33:57 DEBUG [main] com.zaxxer.hikari.HikariConfig - autoCommit......................true
2025-08-01 10:33:57 DEBUG [main] com.zaxxer.hikari.HikariConfig - catalog.........................none
2025-08-01 10:33:57 DEBUG [main] com.zaxxer.hikari.HikariConfig - connectionInitSql...............none
2025-08-01 10:33:57 DEBUG [main] com.zaxxer.hikari.HikariConfig - connectionTestQuery.............none
2025-08-01 10:33:57 DEBUG [main] com.zaxxer.hikari.HikariConfig - connectionTimeout...............30000
2025-08-01 10:33:57 DEBUG [main] com.zaxxer.hikari.HikariConfig - dataSource......................none
2025-08-01 10:33:57 DEBUG [main] com.zaxxer.hikari.HikariConfig - dataSourceClassName.............none
2025-08-01 10:33:57 DEBUG [main] com.zaxxer.hikari.HikariConfig - dataSourceJNDI..................none
2025-08-01 10:33:57 DEBUG [main] com.zaxxer.hikari.HikariConfig - dataSourceProperties............{password=<masked>}
2025-08-01 10:33:57 DEBUG [main] com.zaxxer.hikari.HikariConfig - driverClassName................."org.postgresql.Driver"
2025-08-01 10:33:57 DEBUG [main] com.zaxxer.hikari.HikariConfig - exceptionOverrideClassName......none
2025-08-01 10:33:57 DEBUG [main] com.zaxxer.hikari.HikariConfig - healthCheckProperties...........{}
2025-08-01 10:33:57 DEBUG [main] com.zaxxer.hikari.HikariConfig - healthCheckRegistry.............none
2025-08-01 10:33:57 DEBUG [main] com.zaxxer.hikari.HikariConfig - idleTimeout.....................30000
2025-08-01 10:33:57 DEBUG [main] com.zaxxer.hikari.HikariConfig - initializationFailTimeout.......1
2025-08-01 10:33:57 DEBUG [main] com.zaxxer.hikari.HikariConfig - isolateInternalQueries..........false
2025-08-01 10:33:57 DEBUG [main] com.zaxxer.hikari.HikariConfig - jdbcUrl.........................jdbc:postgresql://localhost:5432/Learning
2025-08-01 10:33:57 DEBUG [main] com.zaxxer.hikari.HikariConfig - keepaliveTime...................0
2025-08-01 10:33:57 DEBUG [main] com.zaxxer.hikari.HikariConfig - leakDetectionThreshold..........0
2025-08-01 10:33:57 DEBUG [main] com.zaxxer.hikari.HikariConfig - maxLifetime.....................1800000
2025-08-01 10:33:57 DEBUG [main] com.zaxxer.hikari.HikariConfig - maximumPoolSize.................10
2025-08-01 10:33:57 DEBUG [main] com.zaxxer.hikari.HikariConfig - metricRegistry..................none
2025-08-01 10:33:57 DEBUG [main] com.zaxxer.hikari.HikariConfig - metricsTrackerFactory...........none
2025-08-01 10:33:57 DEBUG [main] com.zaxxer.hikari.HikariConfig - minimumIdle.....................5
2025-08-01 10:33:57 DEBUG [main] com.zaxxer.hikari.HikariConfig - password........................<masked>
2025-08-01 10:33:57 DEBUG [main] com.zaxxer.hikari.HikariConfig - poolName........................"HikariPool-1"
2025-08-01 10:33:57 DEBUG [main] com.zaxxer.hikari.HikariConfig - readOnly........................false
2025-08-01 10:33:57 DEBUG [main] com.zaxxer.hikari.HikariConfig - registerMbeans..................false
2025-08-01 10:33:57 DEBUG [main] com.zaxxer.hikari.HikariConfig - scheduledExecutor...............none
2025-08-01 10:33:57 DEBUG [main] com.zaxxer.hikari.HikariConfig - schema..........................none
2025-08-01 10:33:57 DEBUG [main] com.zaxxer.hikari.HikariConfig - threadFactory...................internal
2025-08-01 10:33:57 DEBUG [main] com.zaxxer.hikari.HikariConfig - transactionIsolation............default
2025-08-01 10:33:57 DEBUG [main] com.zaxxer.hikari.HikariConfig - username........................"postgres"
2025-08-01 10:33:57 DEBUG [main] com.zaxxer.hikari.HikariConfig - validationTimeout...............5000
2025-08-01 10:33:57 INFO  [main] com.zaxxer.hikari.HikariDataSource - HikariPool-1 - Starting...
2025-08-01 10:33:57 INFO  [main] com.zaxxer.hikari.pool.HikariPool - HikariPool-1 - Added connection org.postgresql.jdbc.PgConnection@6f6c8d45
2025-08-01 10:33:57 INFO  [main] com.zaxxer.hikari.HikariDataSource - HikariPool-1 - Start completed.
2025-08-01 10:33:57 DEBUG [HikariPool-1 connection adder] com.zaxxer.hikari.pool.HikariPool - HikariPool-1 - Added connection org.postgresql.jdbc.PgConnection@4feacff0
2025-08-01 10:33:57 DEBUG [HikariPool-1 connection adder] com.zaxxer.hikari.pool.HikariPool - HikariPool-1 - Connection not added, stats (total=2, active=0, idle=2, waiting=0)
2025-08-01 10:33:57 DEBUG [HikariPool-1 housekeeper] com.zaxxer.hikari.pool.HikariPool - HikariPool-1 - Before cleanup stats (total=2, active=0, idle=2, waiting=0)
2025-08-01 10:33:57 DEBUG [HikariPool-1 housekeeper] com.zaxxer.hikari.pool.HikariPool - HikariPool-1 - After cleanup  stats (total=2, active=0, idle=2, waiting=0)
2025-08-01 10:33:57 DEBUG [HikariPool-1 connection adder] com.zaxxer.hikari.pool.HikariPool - HikariPool-1 - Added connection org.postgresql.jdbc.PgConnection@4512a480
2025-08-01 10:33:57 DEBUG [HikariPool-1 connection adder] com.zaxxer.hikari.pool.HikariPool - HikariPool-1 - After adding stats (total=3, active=0, idle=3, waiting=0)
2025-08-01 10:33:57 DEBUG [HikariPool-1 connection adder] com.zaxxer.hikari.pool.HikariPool - HikariPool-1 - Added connection org.postgresql.jdbc.PgConnection@103246
2025-08-01 10:33:57 DEBUG [HikariPool-1 connection adder] com.zaxxer.hikari.pool.HikariPool - HikariPool-1 - After adding stats (total=4, active=0, idle=4, waiting=0)
2025-08-01 10:33:57 DEBUG [HikariPool-1 connection adder] com.zaxxer.hikari.pool.HikariPool - HikariPool-1 - Added connection org.postgresql.jdbc.PgConnection@199cf8fb
2025-08-01 10:33:57 WARN  [main] org.hibernate.orm.deprecation - HHH90000025: PostgreSQLDialect does not need to be specified explicitly using 'hibernate.dialect' (remove the property setting and it will be selected by default)
2025-08-01 10:33:57 DEBUG [HikariPool-1 connection adder] com.zaxxer.hikari.pool.HikariPool - HikariPool-1 - After adding stats (total=5, active=0, idle=5, waiting=0)
2025-08-01 10:33:57 DEBUG [main] o.e.config.JWTAuthenticationFilter - Filter 'JWTAuthenticationFilter' configured for use
2025-08-01 10:33:57 WARN  [main] o.s.s.c.a.a.c.InitializeUserDetailsBeanManagerConfigurer$InitializeUserDetailsManagerConfigurer - Global AuthenticationManager configured with an AuthenticationProvider bean. UserDetailsService beans will not be used for username/password login. Consider removing the AuthenticationProvider bean. Alternatively, consider using the UserDetailsService in a manually instantiated DaoAuthenticationProvider.
2025-08-01 10:33:57 WARN  [main] o.s.b.a.o.j.JpaBaseConfiguration$JpaWebConfiguration - spring.jpa.open-in-view is enabled by default. Therefore, database queries may be performed during view rendering. Explicitly configure spring.jpa.open-in-view to disable this warning
2025-08-01 10:34:27 DEBUG [HikariPool-1 housekeeper] com.zaxxer.hikari.pool.HikariPool - HikariPool-1 - Before cleanup stats (total=5, active=0, idle=5, waiting=0)
2025-08-01 10:34:27 DEBUG [HikariPool-1 housekeeper] com.zaxxer.hikari.pool.HikariPool - HikariPool-1 - After cleanup  stats (total=5, active=0, idle=5, waiting=0)
2025-08-01 10:34:27 DEBUG [HikariPool-1 housekeeper] com.zaxxer.hikari.pool.HikariPool - HikariPool-1 - Fill pool skipped, pool has sufficient level or currently being filled.
2025-08-01 10:34:57 DEBUG [HikariPool-1 housekeeper] com.zaxxer.hikari.pool.HikariPool - HikariPool-1 - Before cleanup stats (total=5, active=0, idle=5, waiting=0)
2025-08-01 10:34:57 DEBUG [HikariPool-1 housekeeper] com.zaxxer.hikari.pool.HikariPool - HikariPool-1 - After cleanup  stats (total=5, active=0, idle=5, waiting=0)
2025-08-01 10:34:57 DEBUG [HikariPool-1 housekeeper] com.zaxxer.hikari.pool.HikariPool - HikariPool-1 - Fill pool skipped, pool has sufficient level or currently being filled.
2025-08-01 10:35:27 DEBUG [HikariPool-1 housekeeper] com.zaxxer.hikari.pool.HikariPool - HikariPool-1 - Before cleanup stats (total=5, active=0, idle=5, waiting=0)
2025-08-01 10:35:27 DEBUG [HikariPool-1 housekeeper] com.zaxxer.hikari.pool.HikariPool - HikariPool-1 - After cleanup  stats (total=5, active=0, idle=5, waiting=0)
2025-08-01 10:35:27 DEBUG [HikariPool-1 housekeeper] com.zaxxer.hikari.pool.HikariPool - HikariPool-1 - Fill pool skipped, pool has sufficient level or currently being filled.
2025-08-01 10:35:57 DEBUG [HikariPool-1 housekeeper] com.zaxxer.hikari.pool.HikariPool - HikariPool-1 - Before cleanup stats (total=5, active=0, idle=5, waiting=0)
2025-08-01 10:35:57 DEBUG [HikariPool-1 housekeeper] com.zaxxer.hikari.pool.HikariPool - HikariPool-1 - After cleanup  stats (total=5, active=0, idle=5, waiting=0)
2025-08-01 10:35:57 DEBUG [HikariPool-1 housekeeper] com.zaxxer.hikari.pool.HikariPool - HikariPool-1 - Fill pool skipped, pool has sufficient level or currently being filled.
2025-08-01 10:36:27 DEBUG [HikariPool-1 housekeeper] com.zaxxer.hikari.pool.HikariPool - HikariPool-1 - Before cleanup stats (total=5, active=0, idle=5, waiting=0)
2025-08-01 10:36:27 DEBUG [HikariPool-1 housekeeper] com.zaxxer.hikari.pool.HikariPool - HikariPool-1 - After cleanup  stats (total=5, active=0, idle=5, waiting=0)
2025-08-01 10:36:27 DEBUG [HikariPool-1 housekeeper] com.zaxxer.hikari.pool.HikariPool - HikariPool-1 - Fill pool skipped, pool has sufficient level or currently being filled.
2025-08-01 10:36:57 DEBUG [HikariPool-1 housekeeper] com.zaxxer.hikari.pool.HikariPool - HikariPool-1 - Before cleanup stats (total=5, active=0, idle=5, waiting=0)
2025-08-01 10:36:57 DEBUG [HikariPool-1 housekeeper] com.zaxxer.hikari.pool.HikariPool - HikariPool-1 - After cleanup  stats (total=5, active=0, idle=5, waiting=0)
2025-08-01 10:36:57 DEBUG [HikariPool-1 housekeeper] com.zaxxer.hikari.pool.HikariPool - HikariPool-1 - Fill pool skipped, pool has sufficient level or currently being filled.
2025-08-01 10:37:27 DEBUG [HikariPool-1 housekeeper] com.zaxxer.hikari.pool.HikariPool - HikariPool-1 - Before cleanup stats (total=5, active=0, idle=5, waiting=0)
2025-08-01 10:37:27 DEBUG [HikariPool-1 housekeeper] com.zaxxer.hikari.pool.HikariPool - HikariPool-1 - After cleanup  stats (total=5, active=0, idle=5, waiting=0)
2025-08-01 10:37:27 DEBUG [HikariPool-1 housekeeper] com.zaxxer.hikari.pool.HikariPool - HikariPool-1 - Fill pool skipped, pool has sufficient level or currently being filled.
2025-08-01 10:37:57 DEBUG [HikariPool-1 housekeeper] com.zaxxer.hikari.pool.HikariPool - HikariPool-1 - Before cleanup stats (total=5, active=0, idle=5, waiting=0)
2025-08-01 10:37:57 DEBUG [HikariPool-1 housekeeper] com.zaxxer.hikari.pool.HikariPool - HikariPool-1 - After cleanup  stats (total=5, active=0, idle=5, waiting=0)
2025-08-01 10:37:57 DEBUG [HikariPool-1 housekeeper] com.zaxxer.hikari.pool.HikariPool - HikariPool-1 - Fill pool skipped, pool has sufficient level or currently being filled.
2025-08-01 10:38:27 DEBUG [HikariPool-1 housekeeper] com.zaxxer.hikari.pool.HikariPool - HikariPool-1 - Before cleanup stats (total=5, active=0, idle=5, waiting=0)
2025-08-01 10:38:27 DEBUG [HikariPool-1 housekeeper] com.zaxxer.hikari.pool.HikariPool - HikariPool-1 - After cleanup  stats (total=5, active=0, idle=5, waiting=0)
2025-08-01 10:38:27 DEBUG [HikariPool-1 housekeeper] com.zaxxer.hikari.pool.HikariPool - HikariPool-1 - Fill pool skipped, pool has sufficient level or currently being filled.
2025-08-01 10:38:57 DEBUG [HikariPool-1 housekeeper] com.zaxxer.hikari.pool.HikariPool - HikariPool-1 - Before cleanup stats (total=5, active=0, idle=5, waiting=0)
2025-08-01 10:38:57 DEBUG [HikariPool-1 housekeeper] com.zaxxer.hikari.pool.HikariPool - HikariPool-1 - After cleanup  stats (total=5, active=0, idle=5, waiting=0)
2025-08-01 10:38:57 DEBUG [HikariPool-1 housekeeper] com.zaxxer.hikari.pool.HikariPool - HikariPool-1 - Fill pool skipped, pool has sufficient level or currently being filled.
2025-08-01 10:39:27 DEBUG [HikariPool-1 housekeeper] com.zaxxer.hikari.pool.HikariPool - HikariPool-1 - Before cleanup stats (total=5, active=0, idle=5, waiting=0)
2025-08-01 10:39:27 DEBUG [HikariPool-1 housekeeper] com.zaxxer.hikari.pool.HikariPool - HikariPool-1 - After cleanup  stats (total=5, active=0, idle=5, waiting=0)
2025-08-01 10:39:27 DEBUG [HikariPool-1 housekeeper] com.zaxxer.hikari.pool.HikariPool - HikariPool-1 - Fill pool skipped, pool has sufficient level or currently being filled.
2025-08-01 10:39:57 DEBUG [HikariPool-1 housekeeper] com.zaxxer.hikari.pool.HikariPool - HikariPool-1 - Before cleanup stats (total=5, active=0, idle=5, waiting=0)
2025-08-01 10:39:57 DEBUG [HikariPool-1 housekeeper] com.zaxxer.hikari.pool.HikariPool - HikariPool-1 - After cleanup  stats (total=5, active=0, idle=5, waiting=0)
2025-08-01 10:39:57 DEBUG [HikariPool-1 housekeeper] com.zaxxer.hikari.pool.HikariPool - HikariPool-1 - Fill pool skipped, pool has sufficient level or currently being filled.
2025-08-01 10:40:27 DEBUG [HikariPool-1 housekeeper] com.zaxxer.hikari.pool.HikariPool - HikariPool-1 - Before cleanup stats (total=5, active=0, idle=5, waiting=0)
2025-08-01 10:40:27 DEBUG [HikariPool-1 housekeeper] com.zaxxer.hikari.pool.HikariPool - HikariPool-1 - After cleanup  stats (total=5, active=0, idle=5, waiting=0)
2025-08-01 10:40:27 DEBUG [HikariPool-1 housekeeper] com.zaxxer.hikari.pool.HikariPool - HikariPool-1 - Fill pool skipped, pool has sufficient level or currently being filled.
2025-08-01 10:40:57 DEBUG [HikariPool-1 housekeeper] com.zaxxer.hikari.pool.HikariPool - HikariPool-1 - Before cleanup stats (total=5, active=0, idle=5, waiting=0)
2025-08-01 10:40:57 DEBUG [HikariPool-1 housekeeper] com.zaxxer.hikari.pool.HikariPool - HikariPool-1 - After cleanup  stats (total=5, active=0, idle=5, waiting=0)
2025-08-01 10:40:57 DEBUG [HikariPool-1 housekeeper] com.zaxxer.hikari.pool.HikariPool - HikariPool-1 - Fill pool skipped, pool has sufficient level or currently being filled.
2025-08-01 10:41:27 DEBUG [HikariPool-1 housekeeper] com.zaxxer.hikari.pool.HikariPool - HikariPool-1 - Before cleanup stats (total=5, active=0, idle=5, waiting=0)
2025-08-01 10:41:27 DEBUG [HikariPool-1 housekeeper] com.zaxxer.hikari.pool.HikariPool - HikariPool-1 - After cleanup  stats (total=5, active=0, idle=5, waiting=0)
2025-08-01 10:41:27 DEBUG [HikariPool-1 housekeeper] com.zaxxer.hikari.pool.HikariPool - HikariPool-1 - Fill pool skipped, pool has sufficient level or currently being filled.
2025-08-01 10:41:57 DEBUG [HikariPool-1 housekeeper] com.zaxxer.hikari.pool.HikariPool - HikariPool-1 - Before cleanup stats (total=5, active=0, idle=5, waiting=0)
2025-08-01 10:41:57 DEBUG [HikariPool-1 housekeeper] com.zaxxer.hikari.pool.HikariPool - HikariPool-1 - After cleanup  stats (total=5, active=0, idle=5, waiting=0)
2025-08-01 10:41:57 DEBUG [HikariPool-1 housekeeper] com.zaxxer.hikari.pool.HikariPool - HikariPool-1 - Fill pool skipped, pool has sufficient level or currently being filled.
2025-08-01 10:42:27 DEBUG [HikariPool-1 housekeeper] com.zaxxer.hikari.pool.HikariPool - HikariPool-1 - Before cleanup stats (total=5, active=0, idle=5, waiting=0)
2025-08-01 10:42:27 DEBUG [HikariPool-1 housekeeper] com.zaxxer.hikari.pool.HikariPool - HikariPool-1 - After cleanup  stats (total=5, active=0, idle=5, waiting=0)
2025-08-01 10:42:27 DEBUG [HikariPool-1 housekeeper] com.zaxxer.hikari.pool.HikariPool - HikariPool-1 - Fill pool skipped, pool has sufficient level or currently being filled.
2025-08-01 10:42:57 DEBUG [HikariPool-1 housekeeper] com.zaxxer.hikari.pool.HikariPool - HikariPool-1 - Before cleanup stats (total=5, active=0, idle=5, waiting=0)
2025-08-01 10:42:57 DEBUG [HikariPool-1 housekeeper] com.zaxxer.hikari.pool.HikariPool - HikariPool-1 - After cleanup  stats (total=5, active=0, idle=5, waiting=0)
2025-08-01 10:42:57 DEBUG [HikariPool-1 housekeeper] com.zaxxer.hikari.pool.HikariPool - HikariPool-1 - Fill pool skipped, pool has sufficient level or currently being filled.
2025-08-01 10:43:27 DEBUG [HikariPool-1 housekeeper] com.zaxxer.hikari.pool.HikariPool - HikariPool-1 - Before cleanup stats (total=5, active=0, idle=5, waiting=0)
2025-08-01 10:43:27 DEBUG [HikariPool-1 housekeeper] com.zaxxer.hikari.pool.HikariPool - HikariPool-1 - After cleanup  stats (total=5, active=0, idle=5, waiting=0)
2025-08-01 10:43:27 DEBUG [HikariPool-1 housekeeper] com.zaxxer.hikari.pool.HikariPool - HikariPool-1 - Fill pool skipped, pool has sufficient level or currently being filled.
2025-08-01 10:43:57 DEBUG [HikariPool-1 housekeeper] com.zaxxer.hikari.pool.HikariPool - HikariPool-1 - Before cleanup stats (total=5, active=0, idle=5, waiting=0)
2025-08-01 10:43:57 DEBUG [HikariPool-1 housekeeper] com.zaxxer.hikari.pool.HikariPool - HikariPool-1 - After cleanup  stats (total=5, active=0, idle=5, waiting=0)
2025-08-01 10:43:57 DEBUG [HikariPool-1 housekeeper] com.zaxxer.hikari.pool.HikariPool - HikariPool-1 - Fill pool skipped, pool has sufficient level or currently being filled.
2025-08-01 10:43:58 DEBUG [main] com.zaxxer.hikari.HikariConfig - Driver class org.h2.Driver found in Thread context class loader jdk.internal.loader.ClassLoaders$AppClassLoader@76ed5528
2025-08-01 10:43:58 DEBUG [main] com.zaxxer.hikari.HikariConfig - HikariPool-1 - configuration:
2025-08-01 10:43:58 DEBUG [main] com.zaxxer.hikari.HikariConfig - allowPoolSuspension.............false
2025-08-01 10:43:58 DEBUG [main] com.zaxxer.hikari.HikariConfig - autoCommit......................true
2025-08-01 10:43:58 DEBUG [main] com.zaxxer.hikari.HikariConfig - catalog.........................none
2025-08-01 10:43:58 DEBUG [main] com.zaxxer.hikari.HikariConfig - connectionInitSql...............none
2025-08-01 10:43:58 DEBUG [main] com.zaxxer.hikari.HikariConfig - connectionTestQuery.............none
2025-08-01 10:43:58 DEBUG [main] com.zaxxer.hikari.HikariConfig - connectionTimeout...............30000
2025-08-01 10:43:58 DEBUG [main] com.zaxxer.hikari.HikariConfig - dataSource......................none
2025-08-01 10:43:58 DEBUG [main] com.zaxxer.hikari.HikariConfig - dataSourceClassName.............none
2025-08-01 10:43:58 DEBUG [main] com.zaxxer.hikari.HikariConfig - dataSourceJNDI..................none
2025-08-01 10:43:58 DEBUG [main] com.zaxxer.hikari.HikariConfig - dataSourceProperties............{password=<masked>}
2025-08-01 10:43:58 DEBUG [main] com.zaxxer.hikari.HikariConfig - driverClassName................."org.h2.Driver"
2025-08-01 10:43:58 DEBUG [main] com.zaxxer.hikari.HikariConfig - exceptionOverrideClassName......none
2025-08-01 10:43:58 DEBUG [main] com.zaxxer.hikari.HikariConfig - healthCheckProperties...........{}
2025-08-01 10:43:58 DEBUG [main] com.zaxxer.hikari.HikariConfig - healthCheckRegistry.............none
2025-08-01 10:43:58 DEBUG [main] com.zaxxer.hikari.HikariConfig - idleTimeout.....................30000
2025-08-01 10:43:58 DEBUG [main] com.zaxxer.hikari.HikariConfig - initializationFailTimeout.......1
2025-08-01 10:43:58 DEBUG [main] com.zaxxer.hikari.HikariConfig - isolateInternalQueries..........false
2025-08-01 10:43:58 DEBUG [main] com.zaxxer.hikari.HikariConfig - jdbcUrl.........................jdbc:h2:mem:testdb
2025-08-01 10:43:58 DEBUG [main] com.zaxxer.hikari.HikariConfig - keepaliveTime...................0
2025-08-01 10:43:58 DEBUG [main] com.zaxxer.hikari.HikariConfig - leakDetectionThreshold..........0
2025-08-01 10:43:58 DEBUG [main] com.zaxxer.hikari.HikariConfig - maxLifetime.....................1800000
2025-08-01 10:43:58 DEBUG [main] com.zaxxer.hikari.HikariConfig - maximumPoolSize.................10
2025-08-01 10:43:58 DEBUG [main] com.zaxxer.hikari.HikariConfig - metricRegistry..................none
2025-08-01 10:43:58 DEBUG [main] com.zaxxer.hikari.HikariConfig - metricsTrackerFactory...........none
2025-08-01 10:43:58 DEBUG [main] com.zaxxer.hikari.HikariConfig - minimumIdle.....................5
2025-08-01 10:43:58 DEBUG [main] com.zaxxer.hikari.HikariConfig - password........................<masked>
2025-08-01 10:43:58 DEBUG [main] com.zaxxer.hikari.HikariConfig - poolName........................"HikariPool-1"
2025-08-01 10:43:58 DEBUG [main] com.zaxxer.hikari.HikariConfig - readOnly........................false
2025-08-01 10:43:58 DEBUG [main] com.zaxxer.hikari.HikariConfig - registerMbeans..................false
2025-08-01 10:43:58 DEBUG [main] com.zaxxer.hikari.HikariConfig - scheduledExecutor...............none
2025-08-01 10:43:58 DEBUG [main] com.zaxxer.hikari.HikariConfig - schema..........................none
2025-08-01 10:43:58 DEBUG [main] com.zaxxer.hikari.HikariConfig - threadFactory...................internal
2025-08-01 10:43:58 DEBUG [main] com.zaxxer.hikari.HikariConfig - transactionIsolation............default
2025-08-01 10:43:58 DEBUG [main] com.zaxxer.hikari.HikariConfig - username........................"sa"
2025-08-01 10:43:58 DEBUG [main] com.zaxxer.hikari.HikariConfig - validationTimeout...............5000
2025-08-01 10:43:58 INFO  [main] com.zaxxer.hikari.HikariDataSource - HikariPool-1 - Starting...
2025-08-01 10:43:58 INFO  [main] com.zaxxer.hikari.pool.HikariPool - HikariPool-1 - Added connection conn0: url=jdbc:h2:mem:testdb user=SA
2025-08-01 10:43:58 INFO  [main] com.zaxxer.hikari.HikariDataSource - HikariPool-1 - Start completed.
2025-08-01 10:43:58 WARN  [main] org.hibernate.dialect.Dialect - HHH000511: The 2.2.224 version for [org.hibernate.dialect.PostgreSQLDialect] is no longer supported, hence certain features may not work properly. The minimum supported version is 12.0.0. Check the community dialects project for available legacy versions.
2025-08-01 10:43:58 WARN  [main] org.hibernate.orm.deprecation - HHH90000025: PostgreSQLDialect does not need to be specified explicitly using 'hibernate.dialect' (remove the property setting and it will be selected by default)
2025-08-01 10:43:58 DEBUG [HikariPool-1 housekeeper] com.zaxxer.hikari.pool.HikariPool - HikariPool-1 - Before cleanup stats (total=1, active=0, idle=1, waiting=0)
2025-08-01 10:43:58 DEBUG [HikariPool-1 housekeeper] com.zaxxer.hikari.pool.HikariPool - HikariPool-1 - After cleanup  stats (total=1, active=0, idle=1, waiting=0)
2025-08-01 10:43:58 DEBUG [HikariPool-1 connection adder] com.zaxxer.hikari.pool.HikariPool - HikariPool-1 - Added connection conn1: url=jdbc:h2:mem:testdb user=SA
2025-08-01 10:43:58 DEBUG [HikariPool-1 connection adder] com.zaxxer.hikari.pool.HikariPool - HikariPool-1 - After adding stats (total=2, active=0, idle=2, waiting=0)
2025-08-01 10:43:58 DEBUG [HikariPool-1 connection adder] com.zaxxer.hikari.pool.HikariPool - HikariPool-1 - Added connection conn2: url=jdbc:h2:mem:testdb user=SA
2025-08-01 10:43:58 DEBUG [HikariPool-1 connection adder] com.zaxxer.hikari.pool.HikariPool - HikariPool-1 - After adding stats (total=3, active=0, idle=3, waiting=0)
2025-08-01 10:43:58 DEBUG [HikariPool-1 connection adder] com.zaxxer.hikari.pool.HikariPool - HikariPool-1 - Added connection conn3: url=jdbc:h2:mem:testdb user=SA
2025-08-01 10:43:58 DEBUG [HikariPool-1 connection adder] com.zaxxer.hikari.pool.HikariPool - HikariPool-1 - After adding stats (total=4, active=0, idle=4, waiting=0)
2025-08-01 10:43:58 DEBUG [HikariPool-1 connection adder] com.zaxxer.hikari.pool.HikariPool - HikariPool-1 - Added connection conn4: url=jdbc:h2:mem:testdb user=SA
2025-08-01 10:43:58 DEBUG [HikariPool-1 connection adder] com.zaxxer.hikari.pool.HikariPool - HikariPool-1 - After adding stats (total=5, active=0, idle=5, waiting=0)
2025-08-01 10:43:59 WARN  [main] o.s.s.c.a.a.c.InitializeUserDetailsBeanManagerConfigurer$InitializeUserDetailsManagerConfigurer - Global AuthenticationManager configured with an AuthenticationProvider bean. UserDetailsService beans will not be used for username/password login. Consider removing the AuthenticationProvider bean. Alternatively, consider using the UserDetailsService in a manually instantiated DaoAuthenticationProvider.
2025-08-01 10:43:59 WARN  [main] o.s.b.a.o.j.JpaBaseConfiguration$JpaWebConfiguration - spring.jpa.open-in-view is enabled by default. Therefore, database queries may be performed during view rendering. Explicitly configure spring.jpa.open-in-view to disable this warning
2025-08-01 10:43:59 DEBUG [main] o.e.config.JWTAuthenticationFilter - Filter 'JWTAuthenticationFilter' configured for use
2025-08-01 10:44:00 INFO  [main] o.e.config.JWTAuthenticationFilter - [Request]  POST (1754019840196 ms)
2025-08-01 10:44:00 DEBUG [main] o.e.config.JWTAuthenticationFilter - Authorization header: null
2025-08-01 10:44:00 INFO  [main] o.e.config.JWTAuthenticationFilter - [Response] method=POST path= status=200 duration=1754019840196ms
2025-08-01 10:44:00 INFO  [main] o.e.config.JWTAuthenticationFilter - [Request]  POST (1754019840389 ms)
2025-08-01 10:44:00 DEBUG [main] o.e.config.JWTAuthenticationFilter - Authorization header: null
2025-08-01 10:44:00 INFO  [main] o.e.config.JWTAuthenticationFilter - [Response] method=POST path= status=200 duration=1754019840389ms
2025-08-01 10:44:00 INFO  [main] o.e.config.JWTAuthenticationFilter - [Request]  POST (1754019840516 ms)
2025-08-01 10:44:00 DEBUG [main] o.e.config.JWTAuthenticationFilter - Authorization header: null
2025-08-01 10:44:00 INFO  [main] o.e.config.JWTAuthenticationFilter - [Response] method=POST path= status=200 duration=1754019840516ms
2025-08-01 10:44:00 INFO  [main] o.e.config.JWTAuthenticationFilter - [Request]  POST (1754019840524 ms)
2025-08-01 10:44:00 DEBUG [main] o.e.config.JWTAuthenticationFilter - Authorization header: null
2025-08-01 10:44:00 INFO  [main] o.e.config.JWTAuthenticationFilter - [Response] method=POST path= status=200 duration=1754019840524ms
2025-08-01 10:44:00 INFO  [main] o.e.config.JWTAuthenticationFilter - [Request]  GET (1754019840535 ms)
2025-08-01 10:44:00 DEBUG [main] o.e.config.JWTAuthenticationFilter - Authorization header: Bearer eyJhbGciOiJIUzI1NiJ9.eyJzdWIiOiJ0aGFuZzA3MTIwOEBnbWFpbC5jb20iLCJpYXQiOjE3NTQwMTk4NDAsImV4cCI6MTc1NDA1NTg0MH0.YFelStGw1E2F63op4nghqTJ3FeZrvtRLrxduvKiPjNM
2025-08-01 10:44:00 INFO  [main] o.e.config.JWTAuthenticationFilter - Authenticated user: thang071208@gmail.com
2025-08-01 10:44:00 INFO  [main] o.e.config.JWTAuthenticationFilter - [Response] method=GET path= status=200 duration=org.springframework.security.web.header.HeaderWriterFilter$HeaderWriterResponse@406efe63ms
2025-08-01 10:44:00 INFO  [SpringApplicationShutdownHook] com.zaxxer.hikari.HikariDataSource - HikariPool-1 - Shutdown initiated...
2025-08-01 10:44:00 DEBUG [SpringApplicationShutdownHook] com.zaxxer.hikari.pool.HikariPool - HikariPool-1 - Before shutdown stats (total=5, active=0, idle=5, waiting=0)
2025-08-01 10:44:00 DEBUG [HikariPool-1 connection closer] com.zaxxer.hikari.pool.PoolBase - HikariPool-1 - Closing connection conn0: url=jdbc:h2:mem:testdb user=SA: (connection evicted)
2025-08-01 10:44:00 DEBUG [HikariPool-1 connection closer] com.zaxxer.hikari.pool.PoolBase - HikariPool-1 - Closing connection conn1: url=jdbc:h2:mem:testdb user=SA: (connection evicted)
2025-08-01 10:44:00 DEBUG [HikariPool-1 connection closer] com.zaxxer.hikari.pool.PoolBase - HikariPool-1 - Closing connection conn2: url=jdbc:h2:mem:testdb user=SA: (connection evicted)
2025-08-01 10:44:00 DEBUG [HikariPool-1 connection closer] com.zaxxer.hikari.pool.PoolBase - HikariPool-1 - Closing connection conn3: url=jdbc:h2:mem:testdb user=SA: (connection evicted)
2025-08-01 10:44:00 DEBUG [HikariPool-1 connection closer] com.zaxxer.hikari.pool.PoolBase - HikariPool-1 - Closing connection conn4: url=jdbc:h2:mem:testdb user=SA: (connection evicted)
2025-08-01 10:44:00 DEBUG [SpringApplicationShutdownHook] com.zaxxer.hikari.pool.HikariPool - HikariPool-1 - After shutdown stats (total=0, active=0, idle=0, waiting=0)
2025-08-01 10:44:00 INFO  [SpringApplicationShutdownHook] com.zaxxer.hikari.HikariDataSource - HikariPool-1 - Shutdown completed.
2025-08-01 10:44:09 DEBUG [main] com.zaxxer.hikari.HikariConfig - Driver class org.h2.Driver found in Thread context class loader jdk.internal.loader.ClassLoaders$AppClassLoader@76ed5528
2025-08-01 10:44:09 DEBUG [main] com.zaxxer.hikari.HikariConfig - HikariPool-1 - configuration:
2025-08-01 10:44:09 DEBUG [main] com.zaxxer.hikari.HikariConfig - allowPoolSuspension.............false
2025-08-01 10:44:09 DEBUG [main] com.zaxxer.hikari.HikariConfig - autoCommit......................true
2025-08-01 10:44:09 DEBUG [main] com.zaxxer.hikari.HikariConfig - catalog.........................none
2025-08-01 10:44:09 DEBUG [main] com.zaxxer.hikari.HikariConfig - connectionInitSql...............none
2025-08-01 10:44:09 DEBUG [main] com.zaxxer.hikari.HikariConfig - connectionTestQuery.............none
2025-08-01 10:44:09 DEBUG [main] com.zaxxer.hikari.HikariConfig - connectionTimeout...............30000
2025-08-01 10:44:09 DEBUG [main] com.zaxxer.hikari.HikariConfig - dataSource......................none
2025-08-01 10:44:09 DEBUG [main] com.zaxxer.hikari.HikariConfig - dataSourceClassName.............none
2025-08-01 10:44:09 DEBUG [main] com.zaxxer.hikari.HikariConfig - dataSourceJNDI..................none
2025-08-01 10:44:09 DEBUG [main] com.zaxxer.hikari.HikariConfig - dataSourceProperties............{password=<masked>}
2025-08-01 10:44:09 DEBUG [main] com.zaxxer.hikari.HikariConfig - driverClassName................."org.h2.Driver"
2025-08-01 10:44:09 DEBUG [main] com.zaxxer.hikari.HikariConfig - exceptionOverrideClassName......none
2025-08-01 10:44:09 DEBUG [main] com.zaxxer.hikari.HikariConfig - healthCheckProperties...........{}
2025-08-01 10:44:09 DEBUG [main] com.zaxxer.hikari.HikariConfig - healthCheckRegistry.............none
2025-08-01 10:44:09 DEBUG [main] com.zaxxer.hikari.HikariConfig - idleTimeout.....................30000
2025-08-01 10:44:09 DEBUG [main] com.zaxxer.hikari.HikariConfig - initializationFailTimeout.......1
2025-08-01 10:44:09 DEBUG [main] com.zaxxer.hikari.HikariConfig - isolateInternalQueries..........false
2025-08-01 10:44:09 DEBUG [main] com.zaxxer.hikari.HikariConfig - jdbcUrl.........................jdbc:h2:mem:testdb
2025-08-01 10:44:09 DEBUG [main] com.zaxxer.hikari.HikariConfig - keepaliveTime...................0
2025-08-01 10:44:09 DEBUG [main] com.zaxxer.hikari.HikariConfig - leakDetectionThreshold..........0
2025-08-01 10:44:09 DEBUG [main] com.zaxxer.hikari.HikariConfig - maxLifetime.....................1800000
2025-08-01 10:44:09 DEBUG [main] com.zaxxer.hikari.HikariConfig - maximumPoolSize.................10
2025-08-01 10:44:09 DEBUG [main] com.zaxxer.hikari.HikariConfig - metricRegistry..................none
2025-08-01 10:44:09 DEBUG [main] com.zaxxer.hikari.HikariConfig - metricsTrackerFactory...........none
2025-08-01 10:44:09 DEBUG [main] com.zaxxer.hikari.HikariConfig - minimumIdle.....................5
2025-08-01 10:44:09 DEBUG [main] com.zaxxer.hikari.HikariConfig - password........................<masked>
2025-08-01 10:44:09 DEBUG [main] com.zaxxer.hikari.HikariConfig - poolName........................"HikariPool-1"
2025-08-01 10:44:09 DEBUG [main] com.zaxxer.hikari.HikariConfig - readOnly........................false
2025-08-01 10:44:09 DEBUG [main] com.zaxxer.hikari.HikariConfig - registerMbeans..................false
2025-08-01 10:44:09 DEBUG [main] com.zaxxer.hikari.HikariConfig - scheduledExecutor...............none
2025-08-01 10:44:09 DEBUG [main] com.zaxxer.hikari.HikariConfig - schema..........................none
2025-08-01 10:44:09 DEBUG [main] com.zaxxer.hikari.HikariConfig - threadFactory...................internal
2025-08-01 10:44:09 DEBUG [main] com.zaxxer.hikari.HikariConfig - transactionIsolation............default
2025-08-01 10:44:09 DEBUG [main] com.zaxxer.hikari.HikariConfig - username........................"sa"
2025-08-01 10:44:09 DEBUG [main] com.zaxxer.hikari.HikariConfig - validationTimeout...............5000
2025-08-01 10:44:09 INFO  [main] com.zaxxer.hikari.HikariDataSource - HikariPool-1 - Starting...
2025-08-01 10:44:09 INFO  [main] com.zaxxer.hikari.pool.HikariPool - HikariPool-1 - Added connection conn0: url=jdbc:h2:mem:testdb user=SA
2025-08-01 10:44:09 INFO  [main] com.zaxxer.hikari.HikariDataSource - HikariPool-1 - Start completed.
2025-08-01 10:44:09 WARN  [main] org.hibernate.dialect.Dialect - HHH000511: The 2.2.224 version for [org.hibernate.dialect.PostgreSQLDialect] is no longer supported, hence certain features may not work properly. The minimum supported version is 12.0.0. Check the community dialects project for available legacy versions.
2025-08-01 10:44:09 WARN  [main] org.hibernate.orm.deprecation - HHH90000025: PostgreSQLDialect does not need to be specified explicitly using 'hibernate.dialect' (remove the property setting and it will be selected by default)
2025-08-01 10:44:09 DEBUG [HikariPool-1 housekeeper] com.zaxxer.hikari.pool.HikariPool - HikariPool-1 - Before cleanup stats (total=1, active=0, idle=1, waiting=0)
2025-08-01 10:44:09 DEBUG [HikariPool-1 housekeeper] com.zaxxer.hikari.pool.HikariPool - HikariPool-1 - After cleanup  stats (total=1, active=0, idle=1, waiting=0)
2025-08-01 10:44:09 DEBUG [HikariPool-1 connection adder] com.zaxxer.hikari.pool.HikariPool - HikariPool-1 - Added connection conn1: url=jdbc:h2:mem:testdb user=SA
2025-08-01 10:44:09 DEBUG [HikariPool-1 connection adder] com.zaxxer.hikari.pool.HikariPool - HikariPool-1 - After adding stats (total=2, active=0, idle=2, waiting=0)
2025-08-01 10:44:09 DEBUG [HikariPool-1 connection adder] com.zaxxer.hikari.pool.HikariPool - HikariPool-1 - Added connection conn2: url=jdbc:h2:mem:testdb user=SA
2025-08-01 10:44:09 DEBUG [HikariPool-1 connection adder] com.zaxxer.hikari.pool.HikariPool - HikariPool-1 - After adding stats (total=3, active=0, idle=3, waiting=0)
2025-08-01 10:44:09 DEBUG [HikariPool-1 connection adder] com.zaxxer.hikari.pool.HikariPool - HikariPool-1 - Added connection conn3: url=jdbc:h2:mem:testdb user=SA
2025-08-01 10:44:09 DEBUG [HikariPool-1 connection adder] com.zaxxer.hikari.pool.HikariPool - HikariPool-1 - After adding stats (total=4, active=0, idle=4, waiting=0)
2025-08-01 10:44:09 DEBUG [HikariPool-1 connection adder] com.zaxxer.hikari.pool.HikariPool - HikariPool-1 - Added connection conn4: url=jdbc:h2:mem:testdb user=SA
2025-08-01 10:44:09 DEBUG [HikariPool-1 connection adder] com.zaxxer.hikari.pool.HikariPool - HikariPool-1 - After adding stats (total=5, active=0, idle=5, waiting=0)
2025-08-01 10:44:09 WARN  [main] o.s.s.c.a.a.c.InitializeUserDetailsBeanManagerConfigurer$InitializeUserDetailsManagerConfigurer - Global AuthenticationManager configured with an AuthenticationProvider bean. UserDetailsService beans will not be used for username/password login. Consider removing the AuthenticationProvider bean. Alternatively, consider using the UserDetailsService in a manually instantiated DaoAuthenticationProvider.
2025-08-01 10:44:10 WARN  [main] o.s.b.a.o.j.JpaBaseConfiguration$JpaWebConfiguration - spring.jpa.open-in-view is enabled by default. Therefore, database queries may be performed during view rendering. Explicitly configure spring.jpa.open-in-view to disable this warning
2025-08-01 10:44:10 DEBUG [main] o.e.config.JWTAuthenticationFilter - Filter 'JWTAuthenticationFilter' configured for use
2025-08-01 10:44:10 INFO  [main] o.e.config.JWTAuthenticationFilter - [Request]  POST (1754019850953 ms)
2025-08-01 10:44:10 DEBUG [main] o.e.config.JWTAuthenticationFilter - Authorization header: null
2025-08-01 10:44:11 INFO  [main] o.e.config.JWTAuthenticationFilter - [Response] method=POST path= status=200 duration=1754019850953ms
2025-08-01 10:44:11 INFO  [main] o.e.config.JWTAuthenticationFilter - [Request]  POST (1754019851139 ms)
2025-08-01 10:44:11 DEBUG [main] o.e.config.JWTAuthenticationFilter - Authorization header: null
2025-08-01 10:44:11 INFO  [main] o.e.config.JWTAuthenticationFilter - [Response] method=POST path= status=200 duration=1754019851139ms
2025-08-01 10:44:11 INFO  [main] o.e.config.JWTAuthenticationFilter - [Request]  POST (1754019851265 ms)
2025-08-01 10:44:11 DEBUG [main] o.e.config.JWTAuthenticationFilter - Authorization header: null
2025-08-01 10:44:11 INFO  [main] o.e.config.JWTAuthenticationFilter - [Response] method=POST path= status=200 duration=1754019851265ms
2025-08-01 10:44:11 INFO  [main] o.e.config.JWTAuthenticationFilter - [Request]  POST (1754019851271 ms)
2025-08-01 10:44:11 DEBUG [main] o.e.config.JWTAuthenticationFilter - Authorization header: null
2025-08-01 10:44:11 INFO  [main] o.e.config.JWTAuthenticationFilter - [Response] method=POST path= status=200 duration=1754019851271ms
2025-08-01 10:44:11 INFO  [main] o.e.config.JWTAuthenticationFilter - [Request]  GET (1754019851283 ms)
2025-08-01 10:44:11 DEBUG [main] o.e.config.JWTAuthenticationFilter - Authorization header: Bearer eyJhbGciOiJIUzI1NiJ9.eyJzdWIiOiJ0aGFuZzA3MTIwOEBnbWFpbC5jb20iLCJpYXQiOjE3NTQwMTk4NTEsImV4cCI6MTc1NDA1NTg1MX0.IyaFu49tyBAQx2uulZtYbAvdHCFLrSrSsQMFoNdE4XQ
2025-08-01 10:44:11 INFO  [main] o.e.config.JWTAuthenticationFilter - Authenticated user: thang071208@gmail.com
2025-08-01 10:44:11 INFO  [main] o.e.config.JWTAuthenticationFilter - [Response] method=GET path= status=200 duration=org.springframework.security.web.header.HeaderWriterFilter$HeaderWriterResponse@7d89a1cems
2025-08-01 10:44:11 INFO  [SpringApplicationShutdownHook] com.zaxxer.hikari.HikariDataSource - HikariPool-1 - Shutdown initiated...
2025-08-01 10:44:11 DEBUG [SpringApplicationShutdownHook] com.zaxxer.hikari.pool.HikariPool - HikariPool-1 - Before shutdown stats (total=5, active=0, idle=5, waiting=0)
2025-08-01 10:44:11 DEBUG [HikariPool-1 connection closer] com.zaxxer.hikari.pool.PoolBase - HikariPool-1 - Closing connection conn0: url=jdbc:h2:mem:testdb user=SA: (connection evicted)
2025-08-01 10:44:11 DEBUG [HikariPool-1 connection closer] com.zaxxer.hikari.pool.PoolBase - HikariPool-1 - Closing connection conn1: url=jdbc:h2:mem:testdb user=SA: (connection evicted)
2025-08-01 10:44:11 DEBUG [HikariPool-1 connection closer] com.zaxxer.hikari.pool.PoolBase - HikariPool-1 - Closing connection conn2: url=jdbc:h2:mem:testdb user=SA: (connection evicted)
2025-08-01 10:44:11 DEBUG [HikariPool-1 connection closer] com.zaxxer.hikari.pool.PoolBase - HikariPool-1 - Closing connection conn3: url=jdbc:h2:mem:testdb user=SA: (connection evicted)
2025-08-01 10:44:11 DEBUG [HikariPool-1 connection closer] com.zaxxer.hikari.pool.PoolBase - HikariPool-1 - Closing connection conn4: url=jdbc:h2:mem:testdb user=SA: (connection evicted)
2025-08-01 10:44:11 DEBUG [SpringApplicationShutdownHook] com.zaxxer.hikari.pool.HikariPool - HikariPool-1 - After shutdown stats (total=0, active=0, idle=0, waiting=0)
2025-08-01 10:44:11 INFO  [SpringApplicationShutdownHook] com.zaxxer.hikari.HikariDataSource - HikariPool-1 - Shutdown completed.
2025-08-01 10:44:27 DEBUG [HikariPool-1 housekeeper] com.zaxxer.hikari.pool.HikariPool - HikariPool-1 - Before cleanup stats (total=5, active=0, idle=5, waiting=0)
2025-08-01 10:44:27 DEBUG [HikariPool-1 housekeeper] com.zaxxer.hikari.pool.HikariPool - HikariPool-1 - After cleanup  stats (total=5, active=0, idle=5, waiting=0)
2025-08-01 10:44:27 DEBUG [HikariPool-1 housekeeper] com.zaxxer.hikari.pool.HikariPool - HikariPool-1 - Fill pool skipped, pool has sufficient level or currently being filled.
